Arguments: 
  C:\Program Files\nodejs\node.exe C:\Users\hugol\AppData\Roaming\npm\node_modules\yarn\bin\yarn.js add -D prisma-erd-generator @mermaid-js/mermaid-cli

PATH: 
  C:\Python310\Scripts\;C:\Python310\;C:\WINDOWS\system32;C:\WINDOWS;C:\WINDOWS\System32\Wbem;C:\WINDOWS\System32\WindowsPowerShell\v1.0\;C:\WINDOWS\System32\OpenSSH\;C:\Program Files (x86)\NVIDIA Corporation\PhysX\Common;C:\ProgramData\chocolatey\bin;C:\Program Files\nodejs\;C:\Program Files\GitHub CLI\;C:\Program Files\Git\cmd;C:\WINDOWS\system32;C:\WINDOWS;C:\WINDOWS\System32\Wbem;C:\WINDOWS\System32\WindowsPowerShell\v1.0\;C:\WINDOWS\System32\OpenSSH\;C:\Program Files\MySQL\MySQL Shell 8.0\bin\;C:\Users\hugol\AppData\Local\Microsoft\WindowsApps;C:\Users\hugol\AppData\Local\Programs\Microsoft VS Code\bin;C:\Users\hugol\AppData\Roaming\npm;C:\Users\hugol\AppData\Local\GitHubDesktop\bin;

Yarn version: 
  1.22.18

Node version: 
  16.14.0

Platform: 
  win32 x64

Trace: 
  Error: EPERM: operation not permitted, unlink 'C:\Users\hugol\Documents\Projetos\projeto routine monitoring\server\node_modules\esbuild-windows-64\esbuild.exe'

npm manifest: 
  {
    "name": "server",
    "version": "1.0.0",
    "description": "",
    "main": "index.js",
    "scripts": {
      "dev": "tsx watch src/server.ts"
    },
    "keywords": [],
    "author": "",
    "license": "ISC",
    "dependencies": {
      "@fastify/cors": "^8.2.0",
      "@prisma/client": "^4.9.0",
      "fastify": "^4.11.0"
    },
    "devDependencies": {
      "@mermaid-js/mermaid-cli": "^9.3.0",
      "prisma": "^4.9.0",
      "prisma-erd-generator": "^1.2.5",
      "tsx": "^3.12.2",
      "typescript": "^4.9.4"
    }
  }

yarn manifest: 
  No manifest

Lockfile: 
  No lockfile
